<?xml version="1.0" encoding="UTF-8"?>
<!-- Generated by org.testng.reporters.JUnitReportReporter -->
<testsuite skipped="1" hostname="Samis-MacBook-Pro.local" name="com.qa.tests.WeatherInfoTest" tests="1" failures="0" timestamp="03 May 2018 03:28:59 GMT" time="0.000" errors="0">
  <testcase name="getWeatherDetailsWithCorrectCityNameTest" time="0.000" classname="com.qa.tests.WeatherInfoTest">
    <skipped/>
  </testcase> <!-- getWeatherDetailsWithCorrectCityNameTest -->
</testsuite> <!-- com.qa.tests.WeatherInfoTest -->
